<?xml version="1.0" encoding="UTF-8"?>
<!-- Generated by org.testng.reporters.JUnitReportReporter -->
<testsuite hostname="INLEN8520017623" failures="0" tests="2" name="com.saucedemo.OrderPlacement" time="5.208" errors="0" timestamp="2025-06-20T16:57:41 IST" skipped="0">
  <testcase classname="com.saucedemo.OrderPlacement" name="placeorder" time="5.192"/>
  <testcase classname="com.saucedemo.OrderPlacement" name="invalidlogin" time="0.016"/>
</testsuite> <!-- com.saucedemo.OrderPlacement -->
