<?xml version="1.0" encoding="UTF-8"?>
<!-- Generated by org.testng.reporters.JUnitReportReporter -->
<testsuite hostname="INLEN8520017623" failures="0" tests="6" name="dev.selenium.formpage.FormPageTests" time="51.496" errors="0" timestamp="2025-06-20T14:37:06 IST" skipped="0">
  <testcase classname="dev.selenium.formpage.FormPageTests" name="checkbox" time="13.450"/>
  <testcase classname="dev.selenium.formpage.FormPageTests" name="dropdowns" time="7.649"/>
  <testcase classname="dev.selenium.formpage.FormPageTests" name="emailform" time="2.884"/>
  <testcase classname="dev.selenium.formpage.FormPageTests" name="radiobutton" time="12.415"/>
  <testcase classname="dev.selenium.formpage.FormPageTests" name="usingCSSSelector" time="7.434"/>
  <testcase classname="dev.selenium.formpage.FormPageTests" name="usingXPathSelector" time="7.664"/>
</testsuite> <!-- dev.selenium.formpage.FormPageTests -->
